<?xml version="1.0" encoding="UTF-8"?>
<!-- Generated by org.testng.reporters.JUnitXMLReporter -->
<testsuite hostname="LAPTOP-7KM2DO06" ignored="1" name="Default test" tests="1" failures="0" timestamp="27 Jan 2019 14:18:08 GMT" time="83.092" errors="0">
  <testcase name="addingBankAccountTest" time="83.054" classname="seleniumwork.MySeleniumTesting"/>
  <testcase name="testGenerateTwoFactorCode" time="0.0" classname="seleniumwork.MySeleniumTesting">
    <ignored/>
  </testcase> <!-- testGenerateTwoFactorCode -->
</testsuite> <!-- Default test -->
