<?xml version="1.0" encoding="UTF-8"?>
<testng-results skipped="0" failed="0" ignored="1" total="2" passed="1">
  <reporter-output>
  </reporter-output>
  <suite name="Default suite" duration-ms="83092" started-at="2019-01-27T14:16:44Z" finished-at="2019-01-27T14:18:07Z">
    <groups>
    </groups>
    <test name="Default test" duration-ms="83092" started-at="2019-01-27T14:16:44Z" finished-at="2019-01-27T14:18:07Z">
      <class name="seleniumwork.MySeleniumTesting">
        <test-method status="PASS" signature="setup()[pri:0, instance:seleniumwork.MySeleniumTesting@3ffc5af1]" name="setup" is-config="true" duration-ms="15" started-at="2019-01-27T14:16:44Z" finished-at="2019-01-27T14:16:44Z">
          <reporter-output>
          </reporter-output>
        </test-method> <!-- setup -->
        <test-method status="PASS" signature="addingBankAccountTest()[pri:0, instance:seleniumwork.MySeleniumTesting@3ffc5af1]" name="addingBankAccountTest" duration-ms="83054" started-at="2019-01-27T14:16:44Z" finished-at="2019-01-27T14:18:07Z">
          <reporter-output>
          </reporter-output>
        </test-method> <!-- addingBankAccountTest -->
      </class> <!-- seleniumwork.MySeleniumTesting -->
    </test> <!-- Default test -->
  </suite> <!-- Default suite -->
</testng-results>
