<?xml version="1.0" encoding="UTF-8"?>
<testng-results skipped="0" failed="0" ignored="0" total="1" passed="1">
  <reporter-output>
  </reporter-output>
  <suite name="Default suite" duration-ms="9946" started-at="2019-01-25T12:02:35Z" finished-at="2019-01-25T12:02:44Z">
    <groups>
    </groups>
    <test name="Default test" duration-ms="9946" started-at="2019-01-25T12:02:35Z" finished-at="2019-01-25T12:02:44Z">
      <class name="seleniumwork.MySeleniumTesting">
        <test-method status="PASS" signature="setup()[pri:0, instance:seleniumwork.MySeleniumTesting@475530b9]" name="setup" duration-ms="9903" started-at="2019-01-25T12:02:35Z" finished-at="2019-01-25T12:02:44Z">
          <reporter-output>
          </reporter-output>
        </test-method> <!-- setup -->
      </class> <!-- seleniumwork.MySeleniumTesting -->
    </test> <!-- Default test -->
  </suite> <!-- Default suite -->
</testng-results>
